c:\users\30446\desktop\学习\汇编\工程\ra2edit\ra2edit\debug\ra2edit.pch
c:\users\30446\desktop\学习\汇编\工程\ra2edit\ra2edit\debug\vc120.pdb
c:\users\30446\desktop\学习\汇编\工程\ra2edit\ra2edit\debug\vc120.idb
c:\users\30446\desktop\学习\汇编\工程\ra2edit\ra2edit\debug\stdafx.obj
c:\users\30446\desktop\学习\汇编\工程\ra2edit\ra2edit\debug\ait.obj
c:\users\30446\desktop\学习\汇编\工程\ra2edit\ra2edit\debug\army.obj
c:\users\30446\desktop\学习\汇编\工程\ra2edit\ra2edit\debug\cscripts.obj
c:\users\30446\desktop\学习\汇编\工程\ra2edit\ra2edit\debug\basic_function.obj
c:\users\30446\desktop\学习\汇编\工程\ra2edit\ra2edit\debug\otherfuction.obj
c:\users\30446\desktop\学习\汇编\工程\ra2edit\ra2edit\debug\ra2edit.obj
c:\users\30446\desktop\学习\汇编\工程\ra2edit\ra2edit\debug\ra2editdlg.obj
c:\users\30446\desktop\学习\汇编\工程\ra2edit\ra2edit\debug\taskforces.obj
c:\users\30446\desktop\学习\汇编\工程\ra2edit\ra2edit\debug\addnew.obj
c:\users\30446\desktop\学习\汇编\工程\ra2edit\debug\ra2edit.ilk
c:\users\30446\desktop\学习\汇编\工程\ra2edit\debug\ra2edit.exe
c:\users\30446\desktop\学习\汇编\工程\ra2edit\debug\ra2edit.pdb
c:\users\30446\desktop\学习\汇编\工程\ra2edit\ra2edit\debug\ra2edit.res
c:\users\30446\desktop\学习\汇编\工程\ra2edit\ra2edit\debug\ra2edit.tlog\cl.command.1.tlog
c:\users\30446\desktop\学习\汇编\工程\ra2edit\ra2edit\debug\ra2edit.tlog\cl.read.1.tlog
c:\users\30446\desktop\学习\汇编\工程\ra2edit\ra2edit\debug\ra2edit.tlog\cl.write.1.tlog
c:\users\30446\desktop\学习\汇编\工程\ra2edit\ra2edit\debug\ra2edit.tlog\link.command.1.tlog
c:\users\30446\desktop\学习\汇编\工程\ra2edit\ra2edit\debug\ra2edit.tlog\link.read.1.tlog
c:\users\30446\desktop\学习\汇编\工程\ra2edit\ra2edit\debug\ra2edit.tlog\link.write.1.tlog
c:\users\30446\desktop\学习\汇编\工程\ra2edit\ra2edit\debug\ra2edit.tlog\rc.command.1.tlog
c:\users\30446\desktop\学习\汇编\工程\ra2edit\ra2edit\debug\ra2edit.tlog\rc.read.1.tlog
c:\users\30446\desktop\学习\汇编\工程\ra2edit\ra2edit\debug\ra2edit.tlog\rc.write.1.tlog
